<?xml version="1.0" encoding="UTF-8"?>
<!-- Generated by org.testng.reporters.JUnitXMLReporter -->
<testsuite ignored="0" hostname="DESKTOP-DV4AI68" failures="0" tests="6" name="Test" time="0.568" errors="0" timestamp="2024-01-10T18:40:23 GMT-05:00">
  <testcase classname="Login.Amazon" name="Defect" time="0.136"/>
  <testcase classname="Login.Amazon" name="Good" time="0.01"/>
  <testcase classname="Login.Amazon" name="Product" time="0.017"/>
  <testcase classname="Registration.Facebook" name="Create" time="0.009"/>
  <testcase classname="Registration.Facebook" name="Home" time="0.024"/>
  <testcase classname="Registration.Facebook" name="Upload" time="0.017"/>
</testsuite> <!-- Test -->
