<?xml version="1.0" encoding="UTF-8"?>
<testng-results ignored="0" total="6" passed="6" failed="0" skipped="0">
  <reporter-output>
  </reporter-output>
  <suite started-at="2024-01-10T19:03:04 GMT-05:00" name="Suite" finished-at="2024-01-10T19:03:04 GMT-05:00" duration-ms="0">
    <groups>
    </groups>
  </suite> <!-- Suite -->
  <suite started-at="2024-01-10T19:03:04 GMT-05:00" name="Suite (1)" finished-at="2024-01-10T19:03:04 GMT-05:00" duration-ms="40">
    <groups>
    </groups>
    <test started-at="2024-01-10T19:03:04 GMT-05:00" name="Test" finished-at="2024-01-10T19:03:04 GMT-05:00" duration-ms="40">
      <class name="Registration.Facebook">
        <test-method signature="Create()[pri:0, instance:Registration.Facebook@742ff096]" started-at="2024-01-10T19:03:04 GMT-05:00" name="Create" finished-at="2024-01-10T19:03:04 GMT-05:00" duration-ms="4" status="PASS">
          <reporter-output>
          </reporter-output>
        </test-method> <!-- Create -->
        <test-method signature="Home()[pri:0, instance:Registration.Facebook@742ff096]" started-at="2024-01-10T19:03:04 GMT-05:00" name="Home" finished-at="2024-01-10T19:03:04 GMT-05:00" duration-ms="7" status="PASS">
          <reporter-output>
          </reporter-output>
        </test-method> <!-- Home -->
        <test-method signature="Upload()[pri:0, instance:Registration.Facebook@742ff096]" started-at="2024-01-10T19:03:04 GMT-05:00" name="Upload" finished-at="2024-01-10T19:03:04 GMT-05:00" duration-ms="4" status="PASS">
          <reporter-output>
          </reporter-output>
        </test-method> <!-- Upload -->
      </class> <!-- Registration.Facebook -->
    </test> <!-- Test -->
  </suite> <!-- Suite (1) -->
  <suite started-at="2024-01-10T19:03:03 GMT-05:00" name="Suite (0)" finished-at="2024-01-10T19:03:04 GMT-05:00" duration-ms="483">
    <groups>
    </groups>
    <test started-at="2024-01-10T19:03:03 GMT-05:00" name="Test" finished-at="2024-01-10T19:03:04 GMT-05:00" duration-ms="483">
      <class name="Registration.Facebook">
        <test-method signature="Create()[pri:0, instance:Registration.Facebook@60099951]" started-at="2024-01-10T19:03:03 GMT-05:00" name="Create" finished-at="2024-01-10T19:03:04 GMT-05:00" duration-ms="131" status="PASS">
          <reporter-output>
          </reporter-output>
        </test-method> <!-- Create -->
        <test-method signature="Home()[pri:0, instance:Registration.Facebook@60099951]" started-at="2024-01-10T19:03:04 GMT-05:00" name="Home" finished-at="2024-01-10T19:03:04 GMT-05:00" duration-ms="11" status="PASS">
          <reporter-output>
          </reporter-output>
        </test-method> <!-- Home -->
        <test-method signature="Upload()[pri:0, instance:Registration.Facebook@60099951]" started-at="2024-01-10T19:03:04 GMT-05:00" name="Upload" finished-at="2024-01-10T19:03:04 GMT-05:00" duration-ms="36" status="PASS">
          <reporter-output>
          </reporter-output>
        </test-method> <!-- Upload -->
      </class> <!-- Registration.Facebook -->
    </test> <!-- Test -->
  </suite> <!-- Suite (0) -->
</testng-results>
