<?xml version="1.0" encoding="UTF-8"?>
<testng-results ignored="0" total="6" passed="6" failed="0" skipped="0">
  <reporter-output>
  </reporter-output>
  <suite started-at="2024-12-22T06:30:09 GMT-05:00" name="Suite" finished-at="2024-12-22T06:30:10 GMT-05:00" duration-ms="607">
    <groups>
    </groups>
    <test started-at="2024-12-22T06:30:09 GMT-05:00" name="Test" finished-at="2024-12-22T06:30:10 GMT-05:00" duration-ms="607">
      <class name="Login.Amazon">
        <test-method signature="Defect()[pri:0, instance:Login.Amazon@60099951]" started-at="2024-12-22T06:30:09 GMT-05:00" name="Defect" finished-at="2024-12-22T06:30:10 GMT-05:00" duration-ms="202" status="PASS">
          <reporter-output>
          </reporter-output>
        </test-method> <!-- Defect -->
        <test-method signature="Good()[pri:0, instance:Login.Amazon@60099951]" started-at="2024-12-22T06:30:10 GMT-05:00" name="Good" finished-at="2024-12-22T06:30:10 GMT-05:00" duration-ms="13" status="PASS">
          <reporter-output>
          </reporter-output>
        </test-method> <!-- Good -->
        <test-method signature="Product()[pri:0, instance:Login.Amazon@60099951]" started-at="2024-12-22T06:30:10 GMT-05:00" name="Product" finished-at="2024-12-22T06:30:10 GMT-05:00" duration-ms="3" status="PASS">
          <reporter-output>
          </reporter-output>
        </test-method> <!-- Product -->
      </class> <!-- Login.Amazon -->
    </test> <!-- Test -->
  </suite> <!-- Suite -->
  <suite started-at="2024-12-22T06:30:10 GMT-05:00" name="Suite (0)" finished-at="2024-12-22T06:30:10 GMT-05:00" duration-ms="47">
    <groups>
    </groups>
    <test started-at="2024-12-22T06:30:10 GMT-05:00" name="Test" finished-at="2024-12-22T06:30:10 GMT-05:00" duration-ms="47">
      <class name="Registration.Facebook">
        <test-method signature="Create()[pri:0, instance:Registration.Facebook@17f9d882]" started-at="2024-12-22T06:30:10 GMT-05:00" name="Create" finished-at="2024-12-22T06:30:10 GMT-05:00" duration-ms="3" status="PASS">
          <reporter-output>
          </reporter-output>
        </test-method> <!-- Create -->
        <test-method signature="Home()[pri:0, instance:Registration.Facebook@17f9d882]" started-at="2024-12-22T06:30:10 GMT-05:00" name="Home" finished-at="2024-12-22T06:30:10 GMT-05:00" duration-ms="6" status="PASS">
          <reporter-output>
          </reporter-output>
        </test-method> <!-- Home -->
        <test-method signature="Upload()[pri:0, instance:Registration.Facebook@17f9d882]" started-at="2024-12-22T06:30:10 GMT-05:00" name="Upload" finished-at="2024-12-22T06:30:10 GMT-05:00" duration-ms="4" status="PASS">
          <reporter-output>
          </reporter-output>
        </test-method> <!-- Upload -->
      </class> <!-- Registration.Facebook -->
    </test> <!-- Test -->
  </suite> <!-- Suite (0) -->
  <suite started-at="2024-12-22T06:30:10 GMT-05:00" name="Master Suite" finished-at="2024-12-22T06:30:10 GMT-05:00" duration-ms="0">
    <groups>
    </groups>
  </suite> <!-- Master Suite -->
</testng-results>
