<?xml version="1.0" encoding="UTF-8"?>
<!-- Generated by org.testng.reporters.JUnitXMLReporter -->
<testsuite ignored="0" hostname="DESKTOP-DV4AI68" failures="0" tests="3" name="Test" time="0.409" errors="0" timestamp="2024-01-10T18:45:01 GMT-05:00">
  <testcase classname="Registration.Facebook" name="Create" time="0.124"/>
  <testcase classname="Registration.Facebook" name="Home" time="0.01"/>
  <testcase classname="Registration.Facebook" name="Upload" time="0.021"/>
</testsuite> <!-- Test -->
