<?xml version="1.0" encoding="UTF-8"?>
<!-- Generated by org.testng.reporters.JUnitXMLReporter -->
<testsuite ignored="0" hostname="DESKTOP-DV4AI68" failures="0" tests="3" name="Test" time="0.483" errors="0" timestamp="2024-01-10T19:03:04 GMT-05:00">
  <testcase classname="Registration.Facebook" name="Create" time="0.131"/>
  <testcase classname="Registration.Facebook" name="Home" time="0.011"/>
  <testcase classname="Registration.Facebook" name="Upload" time="0.036"/>
</testsuite> <!-- Test -->
