<?xml version="1.0" encoding="UTF-8"?>
<testng-results ignored="0" total="6" passed="6" failed="0" skipped="0">
  <reporter-output>
  </reporter-output>
  <suite started-at="2024-01-10T18:45:02 GMT-05:00" name="Suite" finished-at="2024-01-10T18:45:02 GMT-05:00" duration-ms="0">
    <groups>
    </groups>
  </suite> <!-- Suite -->
  <suite started-at="2024-01-10T18:45:01 GMT-05:00" name="Suite (1)" finished-at="2024-01-10T18:45:02 GMT-05:00" duration-ms="49">
    <groups>
    </groups>
    <test started-at="2024-01-10T18:45:01 GMT-05:00" name="Test" finished-at="2024-01-10T18:45:02 GMT-05:00" duration-ms="49">
      <class name="Registration.Facebook">
        <test-method signature="Create()[pri:0, instance:Registration.Facebook@78641d23]" started-at="2024-01-10T18:45:01 GMT-05:00" name="Create" finished-at="2024-01-10T18:45:02 GMT-05:00" duration-ms="9" status="PASS">
          <reporter-output>
          </reporter-output>
        </test-method> <!-- Create -->
        <test-method signature="Home()[pri:0, instance:Registration.Facebook@78641d23]" started-at="2024-01-10T18:45:02 GMT-05:00" name="Home" finished-at="2024-01-10T18:45:02 GMT-05:00" duration-ms="8" status="PASS">
          <reporter-output>
          </reporter-output>
        </test-method> <!-- Home -->
        <test-method signature="Upload()[pri:0, instance:Registration.Facebook@78641d23]" started-at="2024-01-10T18:45:02 GMT-05:00" name="Upload" finished-at="2024-01-10T18:45:02 GMT-05:00" duration-ms="8" status="PASS">
          <reporter-output>
          </reporter-output>
        </test-method> <!-- Upload -->
      </class> <!-- Registration.Facebook -->
    </test> <!-- Test -->
  </suite> <!-- Suite (1) -->
  <suite started-at="2024-01-10T18:45:01 GMT-05:00" name="Suite (0)" finished-at="2024-01-10T18:45:01 GMT-05:00" duration-ms="409">
    <groups>
    </groups>
    <test started-at="2024-01-10T18:45:01 GMT-05:00" name="Test" finished-at="2024-01-10T18:45:01 GMT-05:00" duration-ms="409">
      <class name="Registration.Facebook">
        <test-method signature="Create()[pri:0, instance:Registration.Facebook@6c2ed0cd]" started-at="2024-01-10T18:45:01 GMT-05:00" name="Create" finished-at="2024-01-10T18:45:01 GMT-05:00" duration-ms="124" status="PASS">
          <reporter-output>
          </reporter-output>
        </test-method> <!-- Create -->
        <test-method signature="Home()[pri:0, instance:Registration.Facebook@6c2ed0cd]" started-at="2024-01-10T18:45:01 GMT-05:00" name="Home" finished-at="2024-01-10T18:45:01 GMT-05:00" duration-ms="10" status="PASS">
          <reporter-output>
          </reporter-output>
        </test-method> <!-- Home -->
        <test-method signature="Upload()[pri:0, instance:Registration.Facebook@6c2ed0cd]" started-at="2024-01-10T18:45:01 GMT-05:00" name="Upload" finished-at="2024-01-10T18:45:01 GMT-05:00" duration-ms="21" status="PASS">
          <reporter-output>
          </reporter-output>
        </test-method> <!-- Upload -->
      </class> <!-- Registration.Facebook -->
    </test> <!-- Test -->
  </suite> <!-- Suite (0) -->
</testng-results>
